x: 2.200 y: 0.000
Demo : Example of simple control loop. l: 0.150
robot_mode: 0, moving_mode: GO_STRAIGHT 1

Pose: [0.002, 0.000, 0.000] 2023-01-17 21:46:37
Obstacles: 00000

Pose: [0.019, 0.000, 0.120] 2023-01-17 21:46:37
Obstacles: 00000

Pose: [0.053, 0.000, 0.180] 2023-01-17 21:46:37
Obstacles: 00000

Pose: [0.092, 0.000, 0.260] 2023-01-17 21:46:38
Obstacles: 00000

Pose: [0.131, 0.000, 0.240] 2023-01-17 21:46:38
Obstacles: 00000

Pose: [0.171, 0.000, 0.280] 2023-01-17 21:46:38
Obstacles: 00000

Pose: [0.210, 0.000, 0.420] 2023-01-17 21:46:38
Obstacles: 00000

Pose: [0.251, 0.001, 0.460] 2023-01-17 21:46:38
Obstacles: 00000

Pose: [0.291, 0.001, 0.500] 2023-01-17 21:46:39
Obstacles: 00000

Pose: [0.332, 0.001, 0.580] 2023-01-17 21:46:39
Obstacles: 00000

Pose: [0.372, 0.001, 0.640] 2023-01-17 21:46:39
Obstacles: 00000

Pose: [0.414, 0.001, 0.780] 2023-01-17 21:46:39
Obstacles: 00000

Pose: [0.455, 0.002, 0.840] 2023-01-17 21:46:39
Obstacles: 00000

Pose: [0.497, 0.002, 0.820] 2023-01-17 21:46:40
Obstacles: 00000

Pose: [0.538, 0.002, 0.780] 2023-01-17 21:46:40
Obstacles: 00000
m0, hit_x: 0.575 hit_y: 0.003 distance_to_goal_from_hit_point: 1.625
robot_mode: 1 WALL_FOLLOWING_MODE, moving_mode: 1

Pose: [0.578, 0.003, 0.900] 2023-01-17 21:46:40
Obstacles: 00000
 hit [115 100

Pose: [0.596, 0.003, 2.380] 2023-01-17 21:46:40
Obstacles: 01110
 hit [115 100

Pose: [0.601, 0.003, 8.100] 2023-01-17 21:46:40
Obstacles: 01110
 hit [115 100

Pose: [0.602, 0.003, 23.280] 2023-01-17 21:46:41
Obstacles: 01111
 hit [115 101

Pose: [0.602, 0.003, 38.340] 2023-01-17 21:46:41
Obstacles: 01111
 hit [115 101

Pose: [0.603, 0.003, 54.100] 2023-01-17 21:46:41
Obstacles: 01111
 hit [115 102

Pose: [0.603, 0.004, 69.480] 2023-01-17 21:46:41
Obstacles: 01111
 hit [115 102

Pose: [0.604, 0.004, 85.800] 2023-01-17 21:46:41
Obstacles: 01111
 hit [115 102

Pose: [0.605, 0.005, 101.360] 2023-01-17 21:46:42
Obstacles: 01111
 hit [114 103

Pose: [0.605, 0.006, 117.900] 2023-01-17 21:46:42
Obstacles: 01111
 hit [114 103

Pose: [0.606, 0.007, 133.920] 2023-01-17 21:46:42
Obstacles: 01111
right hit [115 101

Pose: [0.607, 0.009, 149.840] 2023-01-17 21:46:42
Obstacles: 01111
right hit [115 102

Pose: [0.607, 0.010, 166.700] 2023-01-17 21:46:42
Obstacles: 01111
right hit [115 102

Pose: [0.607, 0.012, 183.120] 2023-01-17 21:46:43
Obstacles: 01111
right hit [114 103

Pose: [0.607, 0.014, 201.280] 2023-01-17 21:46:43
Obstacles: 01111

Pose: [0.606, 0.017, 223.360] 2023-01-17 21:46:43
Obstacles: 00111

Pose: [0.605, 0.019, 246.300] 2023-01-17 21:46:43
Obstacles: 00111

Pose: [0.603, 0.021, 269.100] 2023-01-17 21:46:43
Obstacles: 00111

Pose: [0.600, 0.024, 293.060] 2023-01-17 21:46:44
Obstacles: 00011

Pose: [0.583, 0.032, 316.940] 2023-01-17 21:46:44
Obstacles: 00011

Pose: [0.557, 0.040, 339.660] 2023-01-17 21:46:44
Obstacles: 00001

Pose: [0.517, 0.045, 347.960] 2023-01-17 21:46:44
Obstacles: 00001

Pose: [0.476, 0.049, 349.460] 2023-01-17 21:46:44
Obstacles: 00001

Pose: [0.434, 0.053, 351.120] 2023-01-17 21:46:45
Obstacles: 00000

Pose: [0.392, 0.056, 345.340] 2023-01-17 21:46:45
Obstacles: 00000

Pose: [0.352, 0.065, 326.800] 2023-01-17 21:46:45
Obstacles: 00000

Pose: [0.312, 0.080, 308.180] 2023-01-17 21:46:45
Obstacles: 00000

Pose: [0.276, 0.101, 288.640] 2023-01-17 21:46:45
Obstacles: 00000

Pose: [0.244, 0.128, 269.580] 2023-01-17 21:46:46
Obstacles: 00000

Pose: [0.217, 0.160, 249.120] 2023-01-17 21:46:46
Obstacles: 00000

Pose: [0.195, 0.197, 229.960] 2023-01-17 21:46:46
Obstacles: 00000

Pose: [0.180, 0.237, 209.100] 2023-01-17 21:46:46
Obstacles: 00000

Pose: [0.173, 0.279, 189.000] 2023-01-17 21:46:46
Obstacles: 00000

Pose: [0.173, 0.322, 168.080] 2023-01-17 21:46:47
Obstacles: 00000

Pose: [0.181, 0.365, 146.720] 2023-01-17 21:46:47
Obstacles: 00000

Pose: [0.197, 0.406, 125.740] 2023-01-17 21:46:47
Obstacles: 00000

Pose: [0.220, 0.443, 103.280] 2023-01-17 21:46:47
Obstacles: 00000

Pose: [0.250, 0.475, 82.360] 2023-01-17 21:46:47
Obstacles: 00000

Pose: [0.286, 0.501, 59.400] 2023-01-17 21:46:48
Obstacles: 00000

Pose: [0.326, 0.519, 37.520] 2023-01-17 21:46:48
Obstacles: 00000

Pose: [0.370, 0.530, 14.300] 2023-01-17 21:46:48
Obstacles: 00000

Pose: [0.414, 0.532, -7.840] 2023-01-17 21:46:48
Obstacles: 00000

Pose: [0.458, 0.524, -31.860] 2023-01-17 21:46:48
Obstacles: 00000

Pose: [0.500, 0.508, -54.400] 2023-01-17 21:46:49
Obstacles: 00000

Pose: [0.538, 0.485, -76.800] 2023-01-17 21:46:49
Obstacles: 00000

Pose: [0.566, 0.458, -99.160] 2023-01-17 21:46:49
Obstacles: 00110

Pose: [0.577, 0.444, -108.300] 2023-01-17 21:46:49
Obstacles: 01110

Pose: [0.579, 0.441, -106.780] 2023-01-17 21:46:49
Obstacles: 01110

Pose: [0.581, 0.438, -93.580] 2023-01-17 21:46:50
Obstacles: 00110

Pose: [0.584, 0.436, -71.680] 2023-01-17 21:46:50
Obstacles: 00110

Pose: [0.586, 0.435, -50.660] 2023-01-17 21:46:50
Obstacles: 00110

Pose: [0.591, 0.433, -28.300] 2023-01-17 21:46:50
Obstacles: 00011

Pose: [0.609, 0.430, -6.280] 2023-01-17 21:46:50
Obstacles: 00011

Pose: [0.633, 0.431, 16.540] 2023-01-17 21:46:51
Obstacles: 00001

Pose: [0.667, 0.439, 32.540] 2023-01-17 21:46:51
Obstacles: 00001

Pose: [0.707, 0.451, 34.820] 2023-01-17 21:46:51
Obstacles: 00001

Pose: [0.747, 0.464, 36.040] 2023-01-17 21:46:51
Obstacles: 00001

Pose: [0.786, 0.477, 37.120] 2023-01-17 21:46:51
Obstacles: 00000

Pose: [0.826, 0.490, 34.580] 2023-01-17 21:46:52
Obstacles: 00000

Pose: [0.867, 0.500, 18.440] 2023-01-17 21:46:52
Obstacles: 00000

Pose: [0.908, 0.504, -0.900] 2023-01-17 21:46:52
Obstacles: 00000

Pose: [0.950, 0.500, -19.740] 2023-01-17 21:46:52
Obstacles: 00000

Pose: [0.991, 0.490, -40.000] 2023-01-17 21:46:52
Obstacles: 00000

Pose: [1.029, 0.472, -59.840] 2023-01-17 21:46:53
Obstacles: 00000

Pose: [1.065, 0.448, -79.720] 2023-01-17 21:46:53
Obstacles: 00000

Pose: [1.095, 0.418, -100.460] 2023-01-17 21:46:53
Obstacles: 00000

Pose: [1.120, 0.383, -121.160] 2023-01-17 21:46:53
Obstacles: 00000

Pose: [1.137, 0.344, -142.960] 2023-01-17 21:46:53
Obstacles: 00000

Pose: [1.148, 0.301, -163.460] 2023-01-17 21:46:54
Obstacles: 00000

Pose: [1.150, 0.258, -185.680] 2023-01-17 21:46:54
Obstacles: 00000

Pose: [1.145, 0.215, -206.920] 2023-01-17 21:46:54
Obstacles: 00000

Pose: [1.131, 0.175, -229.340] 2023-01-17 21:46:54
Obstacles: 00000
 hit [121 100

Pose: [1.121, 0.155, -244.020] 2023-01-17 21:46:54
Obstacles: 11110
 hit [121 100

Pose: [1.119, 0.151, -248.260] 2023-01-17 21:46:55
Obstacles: 11110
 hit [120 100

Pose: [1.119, 0.151, -243.340] 2023-01-17 21:46:55
Obstacles: 11110
 hit [121 100

Pose: [1.118, 0.150, -228.580] 2023-01-17 21:46:55
Obstacles: 01111
 hit [121 100

Pose: [1.118, 0.149, -212.660] 2023-01-17 21:46:55
Obstacles: 01111
 hit [121 100

Pose: [1.117, 0.148, -196.940] 2023-01-17 21:46:55
Obstacles: 01111
 hit [122 100

Pose: [1.117, 0.146, -180.840] 2023-01-17 21:46:56
Obstacles: 01111
right hit [120 101

Pose: [1.117, 0.144, -165.200] 2023-01-17 21:46:56
Obstacles: 01111
right hit [120 100

Pose: [1.118, 0.141, -148.500] 2023-01-17 21:46:56
Obstacles: 01111
right hit [121 100

Pose: [1.119, 0.139, -133.280] 2023-01-17 21:46:56
Obstacles: 01111

Pose: [1.121, 0.135, -111.020] 2023-01-17 21:46:57
Obstacles: 01111

Pose: [1.123, 0.133, -88.500] 2023-01-17 21:46:57
Obstacles: 00111

Pose: [1.125, 0.131, -64.440] 2023-01-17 21:46:57
Obstacles: 00111

Pose: [1.128, 0.129, -41.640] 2023-01-17 21:46:57
Obstacles: 00111

Pose: [1.135, 0.128, -18.180] 2023-01-17 21:46:57
Obstacles: 00011

Pose: [1.156, 0.126, 5.900] 2023-01-17 21:46:58
Obstacles: 00011

Pose: [1.179, 0.130, 29.820] 2023-01-17 21:46:58
Obstacles: 00001

Pose: [1.214, 0.142, 46.080] 2023-01-17 21:46:58
Obstacles: 00001

Pose: [1.253, 0.159, 48.440] 2023-01-17 21:46:58
Obstacles: 00001

Pose: [1.291, 0.177, 49.020] 2023-01-17 21:46:58
Obstacles: 00000

Pose: [1.330, 0.193, 39.220] 2023-01-17 21:46:59
Obstacles: 00000

Pose: [1.370, 0.204, 20.780] 2023-01-17 21:46:59
Obstacles: 00000

Pose: [1.412, 0.209, 2.400] 2023-01-17 21:46:59
Obstacles: 00000

Pose: [1.454, 0.207, -16.900] 2023-01-17 21:46:59
Obstacles: 00000

Pose: [1.496, 0.198, -35.460] 2023-01-17 21:46:59
Obstacles: 00000

Pose: [1.535, 0.182, -54.640] 2023-01-17 21:47:00
Obstacles: 00000

Pose: [1.572, 0.159, -75.120] 2023-01-17 21:47:00
Obstacles: 00000

Pose: [1.604, 0.130, -95.020] 2023-01-17 21:47:00
Obstacles: 00000
HIT the GOAL LINE! robot_mode: 0, moving_mode: 0

Pose: [1.630, 0.096, -115.960] 2023-01-17 21:47:00
Obstacles: 00000

Pose: [1.646, 0.067, -132.900] 2023-01-17 21:47:00
Obstacles: 00000

Pose: [1.650, 0.055, -137.120] 2023-01-17 21:47:01
Obstacles: 00000

Pose: [1.652, 0.052, -133.340] 2023-01-17 21:47:01
Obstacles: 00000

Pose: [1.654, 0.048, -115.580] 2023-01-17 21:47:01
Obstacles: 00000

Pose: [1.656, 0.045, -93.800] 2023-01-17 21:47:01
Obstacles: 00000

Pose: [1.658, 0.043, -70.700] 2023-01-17 21:47:01
Obstacles: 00000

Pose: [1.664, 0.040, -49.500] 2023-01-17 21:47:02
Obstacles: 00000

Pose: [1.683, 0.033, -32.140] 2023-01-17 21:47:02
Obstacles: 00000
robot_mode: 0, moving_mode: GO_STRAIGHT 1

Pose: [1.703, 0.029, -12.100] 2023-01-17 21:47:02
Obstacles: 00000

Pose: [1.731, 0.028, 2.200] 2023-01-17 21:47:02
Obstacles: 00000

Pose: [1.772, 0.029, 4.160] 2023-01-17 21:47:02
Obstacles: 00000

Pose: [1.815, 0.031, 5.800] 2023-01-17 21:47:03
Obstacles: 00000

Pose: [1.857, 0.033, 7.380] 2023-01-17 21:47:03
Obstacles: 00000

Pose: [1.900, 0.036, 8.980] 2023-01-17 21:47:03
Obstacles: 00000

Pose: [1.943, 0.040, 10.500] 2023-01-17 21:47:03
Obstacles: 00000
robot_mode: 0, moving_mode: 0

Pose: [1.986, 0.044, 12.020] 2023-01-17 21:47:03
Obstacles: 00000

Pose: [2.016, 0.047, 10.520] 2023-01-17 21:47:04
Obstacles: 00000

Pose: [2.038, 0.048, -2.160] 2023-01-17 21:47:04
Obstacles: 00000

Pose: [2.060, 0.047, -15.200] 2023-01-17 21:47:04
Obstacles: 00000

Pose: [2.082, 0.043, -28.800] 2023-01-17 21:47:04
Obstacles: 00000
robot_mode: 0, moving_mode: GO_STRAIGHT 1
robot_mode: 0, moving_mode: 2
DONE!

Pose: [2.095, 0.039, -41.120] 2023-01-17 21:47:04
Obstacles: 00000

Pose: [2.095, 0.039, -43.240] 2023-01-17 21:47:05
Obstacles: 00000

Pose: [2.095, 0.039, -43.280] 2023-01-17 21:47:05
Obstacles: 00000
B0 pressed!!!
robot_mode: 0, moving_mode: 0

Pose: [2.095, 0.039, -43.280] 2023-01-17 21:47:05
Obstacles: 00000

Pose: [2.095, 0.039, -47.020] 2023-01-17 21:47:05
Obstacles: 00000

Pose: [2.095, 0.039, -64.740] 2023-01-17 21:47:05
Obstacles: 00000

Pose: [2.096, 0.038, -82.940] 2023-01-17 21:47:06
Obstacles: 00000

Pose: [2.096, 0.038, -102.720] 2023-01-17 21:47:06
Obstacles: 00000

Pose: [2.096, 0.038, -121.780] 2023-01-17 21:47:06
Obstacles: 00000

Pose: [2.096, 0.038, -141.100] 2023-01-17 21:47:06
Obstacles: 00000

Pose: [2.096, 0.038, -161.460] 2023-01-17 21:47:06
Obstacles: 00000

Pose: [2.096, 0.038, -181.500] 2023-01-17 21:47:07
Obstacles: 00000

Pose: [2.096, 0.038, -202.620] 2023-01-17 21:47:07
Obstacles: 00000

Pose: [2.096, 0.037, -222.720] 2023-01-17 21:47:07
Obstacles: 00000

Pose: [2.096, 0.037, -244.120] 2023-01-17 21:47:07
Obstacles: 00000

Pose: [2.096, 0.037, -264.680] 2023-01-17 21:47:07
Obstacles: 00000

Pose: [2.096, 0.037, -286.540] 2023-01-17 21:47:08
Obstacles: 00000

Pose: [2.095, 0.037, -307.720] 2023-01-17 21:47:08
Obstacles: 00000

Pose: [2.084, 0.033, -326.420] 2023-01-17 21:47:08
Obstacles: 00000

Pose: [2.065, 0.028, -343.740] 2023-01-17 21:47:08
Obstacles: 00000
robot_mode: 0, moving_mode: GO_STRAIGHT 1

Pose: [2.045, 0.027, 359.420] 2023-01-17 21:47:08
Obstacles: 00000

Pose: [2.010, 0.029, 352.080] 2023-01-17 21:47:09
Obstacles: 00000

Pose: [1.969, 0.031, 351.640] 2023-01-17 21:47:09
Obstacles: 00000

Pose: [1.928, 0.035, 350.820] 2023-01-17 21:47:09
Obstacles: 00000

Pose: [1.887, 0.038, 350.080] 2023-01-17 21:47:09
Obstacles: 00000

Pose: [1.846, 0.042, 349.480] 2023-01-17 21:47:09
Obstacles: 00000

Pose: [1.804, 0.046, 348.960] 2023-01-17 21:47:10
Obstacles: 00000

Pose: [1.762, 0.050, 348.240] 2023-01-17 21:47:10
Obstacles: 00000

Pose: [1.720, 0.054, 347.440] 2023-01-17 21:47:10
Obstacles: 00000

Pose: [1.678, 0.059, 346.780] 2023-01-17 21:47:10
Obstacles: 00000

Pose: [1.635, 0.064, 346.200] 2023-01-17 21:47:10
Obstacles: 00000

Pose: [1.593, 0.069, 345.620] 2023-01-17 21:47:11
Obstacles: 00000

Pose: [1.550, 0.075, 344.940] 2023-01-17 21:47:11
Obstacles: 00000

Pose: [1.507, 0.081, 344.220] 2023-01-17 21:47:11
Obstacles: 00000
m0, hit_x: 1.481 hit_y: 0.084 distance_to_goal_from_hit_point: 1.483
robot_mode: 1 WALL_FOLLOWING_MODE, moving_mode: 1

Pose: [1.465, 0.087, 343.620] 2023-01-17 21:47:11
Obstacles: 01000

Pose: [1.439, 0.090, 345.800] 2023-01-17 21:47:11
Obstacles: 01100

Pose: [1.433, 0.091, -357.980] 2023-01-17 21:47:12
Obstacles: 01100

Pose: [1.430, 0.091, -338.260] 2023-01-17 21:47:12
Obstacles: 01100

Pose: [1.428, 0.090, -317.400] 2023-01-17 21:47:12
Obstacles: 01110

Pose: [1.426, 0.089, -296.880] 2023-01-17 21:47:12
Obstacles: 00110

Pose: [1.424, 0.088, -275.340] 2023-01-17 21:47:12
Obstacles: 00110

Pose: [1.422, 0.086, -254.300] 2023-01-17 21:47:13
Obstacles: 00110

Pose: [1.420, 0.081, -233.080] 2023-01-17 21:47:13
Obstacles: 00010

Pose: [1.413, 0.063, -210.320] 2023-01-17 21:47:13
Obstacles: 00011

Pose: [1.409, 0.041, -188.800] 2023-01-17 21:47:13
Obstacles: 00001

Pose: [1.409, 0.006, -173.980] 2023-01-17 21:47:13
Obstacles: 00001

Pose: [1.411, -0.036, -172.600] 2023-01-17 21:47:14
Obstacles: 00001

Pose: [1.414, -0.077, -171.520] 2023-01-17 21:47:14
Obstacles: 00001

Pose: [1.417, -0.118, -170.540] 2023-01-17 21:47:14
Obstacles: 00000

Pose: [1.421, -0.160, -171.740] 2023-01-17 21:47:14
Obstacles: 00000

Pose: [1.422, -0.201, -186.580] 2023-01-17 21:47:14
Obstacles: 00000

Pose: [1.416, -0.242, -206.620] 2023-01-17 21:47:15
Obstacles: 00000

Pose: [1.404, -0.282, -226.120] 2023-01-17 21:47:15
Obstacles: 00000

Pose: [1.384, -0.319, -245.520] 2023-01-17 21:47:15
Obstacles: 00000

Pose: [1.359, -0.353, -266.660] 2023-01-17 21:47:15
Obstacles: 00000

Pose: [1.327, -0.381, -287.160] 2023-01-17 21:47:15
Obstacles: 00000

Pose: [1.291, -0.403, -308.480] 2023-01-17 21:47:16
Obstacles: 00000

Pose: [1.252, -0.419, -329.340] 2023-01-17 21:47:16
Obstacles: 00000

Pose: [1.210, -0.426, -351.680] 2023-01-17 21:47:16
Obstacles: 00000

Pose: [1.167, -0.426, 347.140] 2023-01-17 21:47:16
Obstacles: 00000

Pose: [1.124, -0.417, 324.740] 2023-01-17 21:47:16
Obstacles: 00000

Pose: [1.085, -0.401, 302.800] 2023-01-17 21:47:17
Obstacles: 00000

Pose: [1.049, -0.377, 280.560] 2023-01-17 21:47:17
Obstacles: 00010

Pose: [1.025, -0.354, 261.920] 2023-01-17 21:47:17
Obstacles: 00010

Pose: [1.011, -0.336, 255.960] 2023-01-17 21:47:17
Obstacles: 00010

Pose: [0.996, -0.318, 258.700] 2023-01-17 21:47:17
Obstacles: 00011

Pose: [0.981, -0.301, 274.620] 2023-01-17 21:47:18
Obstacles: 00011

Pose: [0.963, -0.287, 296.620] 2023-01-17 21:47:18
Obstacles: 00111

Pose: [0.953, -0.282, 317.380] 2023-01-17 21:47:18
Obstacles: 00111

Pose: [0.945, -0.280, 340.040] 2023-01-17 21:47:18
Obstacles: 00011

Pose: [0.924, -0.278, -358.460] 2023-01-17 21:47:18
Obstacles: 00011

Pose: [0.901, -0.280, -335.580] 2023-01-17 21:47:19
Obstacles: 00001

Pose: [0.874, -0.289, -314.720] 2023-01-17 21:47:19
Obstacles: 00001

Pose: [0.837, -0.306, -308.460] 2023-01-17 21:47:19
Obstacles: 00001

Pose: [0.799, -0.324, -307.140] 2023-01-17 21:47:19
Obstacles: 00001

Pose: [0.761, -0.343, -305.900] 2023-01-17 21:47:19
Obstacles: 00001

Pose: [0.724, -0.363, -305.020] 2023-01-17 21:47:20
Obstacles: 00000

Pose: [0.686, -0.381, -312.260] 2023-01-17 21:47:20
Obstacles: 00000

Pose: [0.647, -0.395, -331.500] 2023-01-17 21:47:20
Obstacles: 00000

Pose: [0.606, -0.403, -350.560] 2023-01-17 21:47:20
Obstacles: 00000

Pose: [0.563, -0.403, 350.140] 2023-01-17 21:47:20
Obstacles: 00000

Pose: [0.522, -0.396, 330.960] 2023-01-17 21:47:21
Obstacles: 00000

Pose: [0.481, -0.382, 310.320] 2023-01-17 21:47:21
Obstacles: 00000

Pose: [0.444, -0.361, 290.540] 2023-01-17 21:47:21
Obstacles: 00000

Pose: [0.411, -0.334, 270.700] 2023-01-17 21:47:21
Obstacles: 00000

Pose: [0.383, -0.301, 249.160] 2023-01-17 21:47:21
Obstacles: 00000

Pose: [0.361, -0.264, 228.260] 2023-01-17 21:47:22
Obstacles: 00000

Pose: [0.347, -0.223, 206.460] 2023-01-17 21:47:22
Obstacles: 00000

Pose: [0.340, -0.180, 185.220] 2023-01-17 21:47:22
Obstacles: 00000

Pose: [0.342, -0.136, 162.560] 2023-01-17 21:47:22
Obstacles: 00000

Pose: [0.353, -0.093, 141.220] 2023-01-17 21:47:22
Obstacles: 00000
HIT the GOAL LINE! robot_mode: 0, moving_mode: 0

Pose: [0.370, -0.055, 118.620] 2023-01-17 21:47:23
Obstacles: 00000

Pose: [0.383, -0.036, 106.800] 2023-01-17 21:47:23
Obstacles: 00110

Pose: [0.386, -0.031, 105.900] 2023-01-17 21:47:23
Obstacles: 00110

Pose: [0.388, -0.028, 115.400] 2023-01-17 21:47:23
Obstacles: 00110

Pose: [0.390, -0.025, 135.640] 2023-01-17 21:47:23
Obstacles: 00010

Pose: [0.391, -0.022, 157.640] 2023-01-17 21:47:24
Obstacles: 00011

Pose: [0.391, -0.019, 179.360] 2023-01-17 21:47:24
Obstacles: 00011

Pose: [0.391, -0.016, 201.960] 2023-01-17 21:47:24
Obstacles: 00001

Pose: [0.390, -0.013, 223.720] 2023-01-17 21:47:24
Obstacles: 00001

Pose: [0.389, -0.011, 246.600] 2023-01-17 21:47:24
Obstacles: 00001

Pose: [0.387, -0.009, 268.420] 2023-01-17 21:47:25
Obstacles: 00001

Pose: [0.385, -0.007, 292.140] 2023-01-17 21:47:25
Obstacles: 00001

Pose: [0.381, -0.005, 314.940] 2023-01-17 21:47:25
Obstacles: 00000

Pose: [0.364, 0.001, 334.140] 2023-01-17 21:47:25
Obstacles: 00000
robot_mode: 0, moving_mode: GO_STRAIGHT 1

Pose: [0.343, 0.004, 353.020] 2023-01-17 21:47:25
Obstacles: 00000

Pose: [0.318, 0.003, -350.680] 2023-01-17 21:47:26
Obstacles: 00000

Pose: [0.278, -0.001, -347.280] 2023-01-17 21:47:26
Obstacles: 00000

Pose: [0.237, -0.006, -345.740] 2023-01-17 21:47:26
Obstacles: 00000
robot_mode: 0, moving_mode: 2
DONE!

Pose: [0.195, -0.011, -344.040] 2023-01-17 21:47:26
Obstacles: 00000

Pose: [0.164, -0.016, -342.800] 2023-01-17 21:47:26
Obstacles: 00000

Pose: [0.153, -0.017, -341.620] 2023-01-17 21:47:27
Obstacles: 00000

Pose: [0.153, -0.017, -341.320] 2023-01-17 21:47:27
Obstacles: 00000

Pose: [0.153, -0.017, -341.320] 2023-01-17 21:47:27
Obstacles: 00000

Pose: [0.153, -0.017, -341.320] 2023-01-17 21:47:27
Obstacles: 00000

Pose: [0.153, -0.017, -341.320] 2023-01-17 21:47:27
Obstacles: 00000

Pose: [0.153, -0.017, -341.320] 2023-01-17 21:47:28
Obstacles: 00000
B0 pressed!!!
robot_mode: 0, moving_mode: 0

Pose: [0.153, -0.017, -341.240] 2023-01-17 21:47:28
Obstacles: 00000

Pose: [0.153, -0.017, -335.080] 2023-01-17 21:47:28
Obstacles: 00000

Pose: [0.153, -0.017, -317.440] 2023-01-17 21:47:28
Obstacles: 00000

Pose: [0.153, -0.017, -297.640] 2023-01-17 21:47:28
Obstacles: 00000

Pose: [0.153, -0.017, -278.560] 2023-01-17 21:47:29
Obstacles: 00000

Pose: [0.153, -0.017, -258.360] 2023-01-17 21:47:29
Obstacles: 00000

Pose: [0.152, -0.018, -239.140] 2023-01-17 21:47:29
Obstacles: 00000

Pose: [0.152, -0.018, -218.580] 2023-01-17 21:47:29
Obstacles: 00000

Pose: [0.152, -0.018, -198.740] 2023-01-17 21:47:29
Obstacles: 00000

Pose: [0.152, -0.019, -177.540] 2023-01-17 21:47:30
Obstacles: 00000

Pose: [0.152, -0.019, -157.080] 2023-01-17 21:47:30
Obstacles: 00000

Pose: [0.152, -0.019, -136.240] 2023-01-17 21:47:30
Obstacles: 00000

Pose: [0.153, -0.020, -113.900] 2023-01-17 21:47:30
Obstacles: 00000

Pose: [0.153, -0.020, -92.860] 2023-01-17 21:47:30
Obstacles: 00000

Pose: [0.153, -0.020, -70.520] 2023-01-17 21:47:31
Obstacles: 00000

Pose: [0.154, -0.021, -49.120] 2023-01-17 21:47:31
Obstacles: 00000

Pose: [0.166, -0.025, -30.360] 2023-01-17 21:47:31
Obstacles: 00000

Pose: [0.185, -0.029, -13.300] 2023-01-17 21:47:31
Obstacles: 00000
robot_mode: 0, moving_mode: GO_STRAIGHT 1

Pose: [0.205, -0.030, 4.540] 2023-01-17 21:47:31
Obstacles: 00000

Pose: [0.241, -0.027, 9.740] 2023-01-17 21:47:32
Obstacles: 00000

Pose: [0.281, -0.023, 10.460] 2023-01-17 21:47:32
Obstacles: 00000

Pose: [0.322, -0.020, 11.120] 2023-01-17 21:47:32
Obstacles: 00000
m0, hit_x: 0.339 hit_y: -0.018 distance_to_goal_from_hit_point: 1.861
robot_mode: 1 WALL_FOLLOWING_MODE, moving_mode: 1

Pose: [0.361, -0.016, 11.880] 2023-01-17 21:47:32
Obstacles: 01100

Pose: [0.381, -0.013, 19.380] 2023-01-17 21:47:32
Obstacles: 01110

Pose: [0.386, -0.012, 37.920] 2023-01-17 21:47:33
Obstacles: 01110

Pose: [0.389, -0.011, 59.440] 2023-01-17 21:47:33
Obstacles: 00110

Pose: [0.391, -0.009, 80.720] 2023-01-17 21:47:33
Obstacles: 00110

Pose: [0.393, -0.007, 103.180] 2023-01-17 21:47:33
Obstacles: 00110

Pose: [0.394, -0.005, 124.880] 2023-01-17 21:47:33
Obstacles: 00010

Pose: [0.398, 0.004, 148.780] 2023-01-17 21:47:34
Obstacles: 00011

Pose: [0.402, 0.025, 170.740] 2023-01-17 21:47:34
Obstacles: 00011

Pose: [0.402, 0.047, 194.200] 2023-01-17 21:47:34
Obstacles: 00001

Pose: [0.395, 0.076, 214.020] 2023-01-17 21:47:34
Obstacles: 00001

Pose: [0.382, 0.115, 218.960] 2023-01-17 21:47:34
Obstacles: 00001

Pose: [0.368, 0.154, 220.400] 2023-01-17 21:47:35
Obstacles: 00001

Pose: [0.353, 0.193, 221.280] 2023-01-17 21:47:35
Obstacles: 00000

Pose: [0.339, 0.233, 213.460] 2023-01-17 21:47:35
Obstacles: 00000

Pose: [0.330, 0.273, 194.920] 2023-01-17 21:47:35
Obstacles: 00000

Pose: [0.328, 0.315, 174.920] 2023-01-17 21:47:35
Obstacles: 00000

Pose: [0.333, 0.356, 155.880] 2023-01-17 21:47:36
Obstacles: 00000

Pose: [0.345, 0.397, 135.980] 2023-01-17 21:47:36
Obstacles: 00000

Pose: [0.364, 0.434, 116.040] 2023-01-17 21:47:36
Obstacles: 00000

Pose: [0.389, 0.469, 94.900] 2023-01-17 21:47:36
Obstacles: 00000

Pose: [0.421, 0.498, 75.100] 2023-01-17 21:47:36
Obstacles: 00000

Pose: [0.457, 0.521, 54.560] 2023-01-17 21:47:37
Obstacles: 00000

Pose: [0.497, 0.538, 32.360] 2023-01-17 21:47:37
Obstacles: 00000

Pose: [0.539, 0.546, 11.220] 2023-01-17 21:47:37
Obstacles: 00000

Pose: [0.583, 0.547, -10.760] 2023-01-17 21:47:37
Obstacles: 00000

Pose: [0.626, 0.539, -32.560] 2023-01-17 21:47:37
Obstacles: 00000

Pose: [0.667, 0.523, -55.120] 2023-01-17 21:47:38
Obstacles: 00000

Pose: [0.699, 0.503, -75.460] 2023-01-17 21:47:38
Obstacles: 00010

Pose: [0.718, 0.487, -84.880] 2023-01-17 21:47:38
Obstacles: 00010

Pose: [0.736, 0.470, -84.420] 2023-01-17 21:47:38
Obstacles: 00010

Pose: [0.753, 0.455, -72.460] 2023-01-17 21:47:38
Obstacles: 00011

Pose: [0.776, 0.441, -51.560] 2023-01-17 21:47:39
Obstacles: 00001

Pose: [0.813, 0.426, -43.720] 2023-01-17 21:47:39
Obstacles: 00001

Pose: [0.852, 0.410, -42.640] 2023-01-17 21:47:39
Obstacles: 00001

Pose: [0.886, 0.397, -40.880] 2023-01-17 21:47:39
Obstacles: 00011

Pose: [0.907, 0.390, -27.740] 2023-01-17 21:47:39
Obstacles: 00011

Pose: [0.933, 0.386, -6.520] 2023-01-17 21:47:40
Obstacles: 00001

Pose: [0.973, 0.386, 4.060] 2023-01-17 21:47:40
Obstacles: 00001

Pose: [1.015, 0.388, 5.160] 2023-01-17 21:47:40
Obstacles: 00001

Pose: [1.057, 0.390, 6.560] 2023-01-17 21:47:40
Obstacles: 00001

Pose: [1.099, 0.393, 7.980] 2023-01-17 21:47:40
Obstacles: 00001

Pose: [1.142, 0.396, 9.460] 2023-01-17 21:47:41
Obstacles: 00000

Pose: [1.185, 0.399, 5.960] 2023-01-17 21:47:41
Obstacles: 00000

Pose: [1.227, 0.399, -10.660] 2023-01-17 21:47:41
Obstacles: 00000

Pose: [1.269, 0.392, -30.220] 2023-01-17 21:47:41
Obstacles: 00000

Pose: [1.309, 0.378, -49.020] 2023-01-17 21:47:41
Obstacles: 00000

Pose: [1.346, 0.357, -68.660] 2023-01-17 21:47:42
Obstacles: 00000

Pose: [1.380, 0.330, -88.280] 2023-01-17 21:47:42
Obstacles: 00000

Pose: [1.408, 0.297, -109.100] 2023-01-17 21:47:42
Obstacles: 00000

Pose: [1.431, 0.260, -128.880] 2023-01-17 21:47:42
Obstacles: 00000

Pose: [1.446, 0.219, -150.360] 2023-01-17 21:47:42
Obstacles: 00000

Pose: [1.454, 0.176, -171.180] 2023-01-17 21:47:43
Obstacles: 00000

Pose: [1.453, 0.132, -192.820] 2023-01-17 21:47:43
Obstacles: 00000
HIT the GOAL LINE! robot_mode: 0, moving_mode: 0

Pose: [1.445, 0.089, -213.620] 2023-01-17 21:47:43
Obstacles: 00010

Pose: [1.433, 0.058, -231.380] 2023-01-17 21:47:43
Obstacles: 00010

Pose: [1.427, 0.046, -237.180] 2023-01-17 21:47:43
Obstacles: 00010

Pose: [1.425, 0.042, -234.140] 2023-01-17 21:47:44
Obstacles: 00011

Pose: [1.424, 0.039, -217.160] 2023-01-17 21:47:44
Obstacles: 00011

Pose: [1.423, 0.035, -195.860] 2023-01-17 21:47:44
Obstacles: 00001

Pose: [1.423, 0.032, -172.880] 2023-01-17 21:47:44
Obstacles: 00001

Pose: [1.423, 0.029, -151.120] 2023-01-17 21:47:44
Obstacles: 00001

Pose: [1.424, 0.026, -128.040] 2023-01-17 21:47:45
Obstacles: 00001

Pose: [1.426, 0.023, -106.220] 2023-01-17 21:47:45
Obstacles: 00000

Pose: [1.428, 0.021, -82.880] 2023-01-17 21:47:45
Obstacles: 00000

Pose: [1.430, 0.019, -60.740] 2023-01-17 21:47:45
Obstacles: 00000

Pose: [1.438, 0.016, -39.680] 2023-01-17 21:47:45
Obstacles: 00000

Pose: [1.458, 0.010, -20.900] 2023-01-17 21:47:46
Obstacles: 00000
robot_mode: 0, moving_mode: GO_STRAIGHT 1

Pose: [1.479, 0.008, -1.940] 2023-01-17 21:47:46
Obstacles: 00000

Pose: [1.512, 0.009, 8.060] 2023-01-17 21:47:46
Obstacles: 00000

Pose: [1.559, 0.013, 9.560] 2023-01-17 21:47:46
Obstacles: 00000

Pose: [1.601, 0.017, 11.220] 2023-01-17 21:47:46
Obstacles: 00000

Pose: [1.643, 0.021, 12.860] 2023-01-17 21:47:47
Obstacles: 00000

Pose: [1.686, 0.026, 14.380] 2023-01-17 21:47:47
Obstacles: 00000

Pose: [1.728, 0.032, 16.000] 2023-01-17 21:47:47
Obstacles: 00000

Pose: [1.771, 0.038, 17.600] 2023-01-17 21:47:47
Obstacles: 00000

Pose: [1.814, 0.045, 18.840] 2023-01-17 21:47:47
Obstacles: 00000
robot_mode: 0, moving_mode: 0

Pose: [1.853, 0.052, 19.840] 2023-01-17 21:47:48
Obstacles: 00000

Pose: [1.876, 0.055, 12.120] 2023-01-17 21:47:48
Obstacles: 00000

Pose: [1.897, 0.056, 0.200] 2023-01-17 21:47:48
Obstacles: 00000
robot_mode: 0, moving_mode: GO_STRAIGHT 1

Pose: [1.921, 0.055, -14.940] 2023-01-17 21:47:48
Obstacles: 00000

Pose: [1.947, 0.050, -27.360] 2023-01-17 21:47:48
Obstacles: 00000

Pose: [1.986, 0.040, -29.040] 2023-01-17 21:47:49
Obstacles: 00000
robot_mode: 0, moving_mode: 2
DONE!

Pose: [2.023, 0.030, -29.720] 2023-01-17 21:47:49
Obstacles: 00000

Pose: [2.044, 0.025, -30.120] 2023-01-17 21:47:49
Obstacles: 00000

Pose: [2.047, 0.024, -30.140] 2023-01-17 21:47:49
Obstacles: 00000

Pose: [2.047, 0.024, -30.140] 2023-01-17 21:47:49
Obstacles: 00000

Pose: [2.047, 0.024, -30.080] 2023-01-17 21:47:50
Obstacles: 00000
B0 pressed!!!
robot_mode: 0, moving_mode: 0

Pose: [2.047, 0.024, -30.140] 2023-01-17 21:47:50
Obstacles: 00000

Pose: [2.047, 0.024, -31.780] 2023-01-17 21:47:50
Obstacles: 00000

Pose: [2.048, 0.024, -47.920] 2023-01-17 21:47:50
Obstacles: 00000

Pose: [2.048, 0.024, -66.080] 2023-01-17 21:47:50
Obstacles: 00000

Pose: [2.048, 0.023, -84.500] 2023-01-17 21:47:51
Obstacles: 00000

Pose: [2.048, 0.023, -104.260] 2023-01-17 21:47:51
Obstacles: 00000

Pose: [2.048, 0.023, -123.460] 2023-01-17 21:47:51
Obstacles: 00000

Pose: [2.049, 0.023, -143.620] 2023-01-17 21:47:51
Obstacles: 00000

Pose: [2.049, 0.023, -163.160] 2023-01-17 21:47:51
Obstacles: 00000

Pose: [2.049, 0.022, -183.920] 2023-01-17 21:47:52
Obstacles: 00000

Pose: [2.049, 0.022, -204.080] 2023-01-17 21:47:52
Obstacles: 00000

Pose: [2.049, 0.022, -225.560] 2023-01-17 21:47:52
Obstacles: 00000

Pose: [2.048, 0.022, -245.980] 2023-01-17 21:47:52
Obstacles: 00000

Pose: [2.048, 0.022, -267.940] 2023-01-17 21:47:52
Obstacles: 00000

Pose: [2.048, 0.022, -288.820] 2023-01-17 21:47:53
Obstacles: 00000

Pose: [2.047, 0.021, -311.320] 2023-01-17 21:47:53
Obstacles: 00000

Pose: [2.034, 0.016, -328.460] 2023-01-17 21:47:53
Obstacles: 00000

Pose: [2.015, 0.012, -345.740] 2023-01-17 21:47:53
Obstacles: 00000
robot_mode: 0, moving_mode: GO_STRAIGHT 1

Pose: [1.994, 0.011, 356.460] 2023-01-17 21:47:53
Obstacles: 00000

Pose: [1.957, 0.014, 350.360] 2023-01-17 21:47:54
Obstacles: 00000

Pose: [1.917, 0.017, 349.800] 2023-01-17 21:47:54
Obstacles: 00000

Pose: [1.876, 0.021, 349.240] 2023-01-17 21:47:54
Obstacles: 00000

Pose: [1.835, 0.025, 348.440] 2023-01-17 21:47:54
Obstacles: 00000

Pose: [1.793, 0.029, 347.560] 2023-01-17 21:47:54
Obstacles: 00000

Pose: [1.751, 0.034, 346.840] 2023-01-17 21:47:55
Obstacles: 00000

Pose: [1.710, 0.039, 346.160] 2023-01-17 21:47:55
Obstacles: 00000

Pose: [1.668, 0.044, 345.600] 2023-01-17 21:47:55
Obstacles: 00000

Pose: [1.625, 0.050, 344.880] 2023-01-17 21:47:55
Obstacles: 00000

Pose: [1.583, 0.055, 344.180] 2023-01-17 21:47:55
Obstacles: 00000

Pose: [1.540, 0.061, 343.460] 2023-01-17 21:47:56
Obstacles: 00000

Pose: [1.497, 0.068, 342.800] 2023-01-17 21:47:56
Obstacles: 00000
m0, hit_x: 1.480 hit_y: 0.070 distance_to_goal_from_hit_point: 1.482
robot_mode: 1 WALL_FOLLOWING_MODE, moving_mode: 1

Pose: [1.457, 0.074, 342.020] 2023-01-17 21:47:56
Obstacles: 01000

Pose: [1.436, 0.077, 346.140] 2023-01-17 21:47:56
Obstacles: 01100

Pose: [1.432, 0.078, -355.940] 2023-01-17 21:47:56
Obstacles: 01100

Pose: [1.430, 0.077, -336.380] 2023-01-17 21:47:57
Obstacles: 01100

Pose: [1.428, 0.077, -315.380] 2023-01-17 21:47:57
Obstacles: 01110

Pose: [1.426, 0.076, -295.260] 2023-01-17 21:47:57
Obstacles: 00110

Pose: [1.424, 0.074, -274.000] 2023-01-17 21:47:57
Obstacles: 00110

Pose: [1.423, 0.073, -253.420] 2023-01-17 21:47:57
Obstacles: 00110

Pose: [1.419, 0.067, -232.400] 2023-01-17 21:47:58
Obstacles: 00010

Pose: [1.412, 0.048, -209.880] 2023-01-17 21:47:58
Obstacles: 00011

Pose: [1.408, 0.022, -189.360] 2023-01-17 21:47:58
Obstacles: 00001

Pose: [1.406, -0.017, -181.640] 2023-01-17 21:47:58
Obstacles: 00001

Pose: [1.406, -0.059, -180.800] 2023-01-17 21:47:58
Obstacles: 00001

Pose: [1.406, -0.100, -179.840] 2023-01-17 21:47:59
Obstacles: 00001

Pose: [1.406, -0.142, -178.960] 2023-01-17 21:47:59
Obstacles: 00000

Pose: [1.406, -0.183, -183.720] 2023-01-17 21:47:59
Obstacles: 00000

Pose: [1.402, -0.224, -201.540] 2023-01-17 21:47:59
Obstacles: 00000

Pose: [1.391, -0.265, -221.300] 2023-01-17 21:47:59
Obstacles: 00000

Pose: [1.373, -0.303, -240.940] 2023-01-17 21:48:00
Obstacles: 00000

Pose: [1.349, -0.337, -261.340] 2023-01-17 21:48:00
Obstacles: 00000

Pose: [1.319, -0.366, -282.580] 2023-01-17 21:48:00
Obstacles: 00000

Pose: [1.284, -0.390, -303.160] 2023-01-17 21:48:00
Obstacles: 00000

Pose: [1.245, -0.407, -324.900] 2023-01-17 21:48:00
Obstacles: 00000

Pose: [1.204, -0.416, -346.280] 2023-01-17 21:48:01
Obstacles: 00000

Pose: [1.161, -0.418, 351.940] 2023-01-17 21:48:01
Obstacles: 00000

Pose: [1.119, -0.411, 330.600] 2023-01-17 21:48:01
Obstacles: 00000

Pose: [1.078, -0.396, 307.360] 2023-01-17 21:48:01
Obstacles: 00000

Pose: [1.042, -0.374, 285.520] 2023-01-17 21:48:01
Obstacles: 00010

Pose: [1.019, -0.354, 267.980] 2023-01-17 21:48:02
Obstacles: 00010

Pose: [1.003, -0.337, 263.220] 2023-01-17 21:48:02
Obstacles: 00011

Pose: [0.987, -0.319, 266.900] 2023-01-17 21:48:02
Obstacles: 00011

Pose: [0.971, -0.304, 285.040] 2023-01-17 21:48:02
Obstacles: 00011

Pose: [0.954, -0.293, 306.200] 2023-01-17 21:48:02
Obstacles: 00111

Pose: [0.947, -0.290, 328.040] 2023-01-17 21:48:03
Obstacles: 00011

Pose: [0.930, -0.287, 347.740] 2023-01-17 21:48:03
Obstacles: 00011

Pose: [0.904, -0.287, -347.860] 2023-01-17 21:48:03
Obstacles: 00011

Pose: [0.879, -0.292, -326.400] 2023-01-17 21:48:03
Obstacles: 00001

Pose: [0.843, -0.305, -314.380] 2023-01-17 21:48:03
Obstacles: 00001

Pose: [0.805, -0.322, -313.360] 2023-01-17 21:48:04
Obstacles: 00001

Pose: [0.766, -0.338, -311.820] 2023-01-17 21:48:04
Obstacles: 00001

Pose: [0.727, -0.356, -310.560] 2023-01-17 21:48:04
Obstacles: 00000

Pose: [0.689, -0.373, -314.140] 2023-01-17 21:48:04
Obstacles: 00000

Pose: [0.650, -0.387, -331.660] 2023-01-17 21:48:04
Obstacles: 00000

Pose: [0.608, -0.394, -350.080] 2023-01-17 21:48:05
Obstacles: 00000

Pose: [0.566, -0.395, 350.540] 2023-01-17 21:48:05
Obstacles: 00000

Pose: [0.525, -0.388, 331.100] 2023-01-17 21:48:05
Obstacles: 00000

Pose: [0.484, -0.374, 310.660] 2023-01-17 21:48:05
Obstacles: 00000

Pose: [0.447, -0.353, 290.680] 2023-01-17 21:48:05
Obstacles: 00000

Pose: [0.414, -0.326, 269.920] 2023-01-17 21:48:06
Obstacles: 00000

Pose: [0.386, -0.293, 249.200] 2023-01-17 21:48:06
Obstacles: 00000

Pose: [0.364, -0.256, 227.560] 2023-01-17 21:48:06
Obstacles: 00000

Pose: [0.350, -0.215, 206.880] 2023-01-17 21:48:06
Obstacles: 00000

Pose: [0.344, -0.172, 185.420] 2023-01-17 21:48:06
Obstacles: 00000

Pose: [0.345, -0.128, 162.760] 2023-01-17 21:48:07
Obstacles: 00000

Pose: [0.356, -0.085, 141.080] 2023-01-17 21:48:07
Obstacles: 00000
HIT the GOAL LINE! robot_mode: 0, moving_mode: 0

Pose: [0.371, -0.052, 120.500] 2023-01-17 21:48:07
Obstacles: 00000

Pose: [0.380, -0.037, 112.020] 2023-01-17 21:48:07
Obstacles: 00010

Pose: [0.382, -0.034, 113.840] 2023-01-17 21:48:07
Obstacles: 00010

Pose: [0.384, -0.031, 127.220] 2023-01-17 21:48:08
Obstacles: 00010

Pose: [0.385, -0.027, 149.440] 2023-01-17 21:48:08
Obstacles: 00011

Pose: [0.386, -0.024, 171.080] 2023-01-17 21:48:08
Obstacles: 00011

Pose: [0.386, -0.021, 193.660] 2023-01-17 21:48:08
Obstacles: 00001

Pose: [0.385, -0.018, 215.400] 2023-01-17 21:48:08
Obstacles: 00001

Pose: [0.384, -0.016, 238.280] 2023-01-17 21:48:09
Obstacles: 00001

Pose: [0.382, -0.013, 260.420] 2023-01-17 21:48:09
Obstacles: 00001

Pose: [0.381, -0.012, 282.480] 2023-01-17 21:48:09
Obstacles: 00001

Pose: [0.378, -0.010, 305.860] 2023-01-17 21:48:09
Obstacles: 00000

Pose: [0.366, -0.005, 325.300] 2023-01-17 21:48:09
Obstacles: 00000

Pose: [0.346, -0.001, 344.920] 2023-01-17 21:48:10
Obstacles: 00000
robot_mode: 0, moving_mode: GO_STRAIGHT 1

Pose: [0.324, 0.000, -356.540] 2023-01-17 21:48:10
Obstacles: 00000

Pose: [0.288, -0.002, -349.860] 2023-01-17 21:48:10
Obstacles: 00000

Pose: [0.246, -0.006, -348.560] 2023-01-17 21:48:10
Obstacles: 00000

Pose: [0.204, -0.011, -346.840] 2023-01-17 21:48:10
Obstacles: 00000
robot_mode: 0, moving_mode: 2
DONE!

Pose: [0.168, -0.015, -345.440] 2023-01-17 21:48:11
Obstacles: 00000

Pose: [0.150, -0.017, -344.240] 2023-01-17 21:48:11
Obstacles: 00000

Pose: [0.149, -0.017, -343.460] 2023-01-17 21:48:11
Obstacles: 00000

Pose: [0.149, -0.017, -343.420] 2023-01-17 21:48:11
Obstacles: 00000

Pose: [0.149, -0.017, -343.420] 2023-01-17 21:48:11
Obstacles: 00000

Pose: [0.149, -0.017, -343.420] 2023-01-17 21:48:12
Obstacles: 00000

Pose: [0.149, -0.017, -343.420] 2023-01-17 21:48:12
Obstacles: 00000
B0 pressed!!!
robot_mode: 0, moving_mode: 0

Pose: [0.149, -0.017, -343.420] 2023-01-17 21:48:12
Obstacles: 00000

Pose: [0.149, -0.017, -342.640] 2023-01-17 21:48:12
Obstacles: 00000

Pose: [0.149, -0.017, -331.220] 2023-01-17 21:48:12
Obstacles: 00000

Pose: [0.149, -0.017, -311.600] 2023-01-17 21:48:13
Obstacles: 00000

Pose: [0.149, -0.018, -292.600] 2023-01-17 21:48:13
Obstacles: 00000

Pose: [0.149, -0.018, -272.640] 2023-01-17 21:48:13
Obstacles: 00000

Pose: [0.149, -0.018, -253.580] 2023-01-17 21:48:13
Obstacles: 00000

Pose: [0.149, -0.018, -234.400] 2023-01-17 21:48:13
Obstacles: 00000

Pose: [0.149, -0.018, -213.860] 2023-01-17 21:48:14
Obstacles: 00000

Pose: [0.148, -0.018, -194.020] 2023-01-17 21:48:14
Obstacles: 00000

Pose: [0.148, -0.019, -172.880] 2023-01-17 21:48:14
Obstacles: 00000

Pose: [0.149, -0.019, -152.320] 2023-01-17 21:48:14
Obstacles: 00000

Pose: [0.149, -0.019, -130.020] 2023-01-17 21:48:14
Obstacles: 00000

Pose: [0.149, -0.020, -108.880] 2023-01-17 21:48:15
Obstacles: 00000

Pose: [0.149, -0.020, -86.800] 2023-01-17 21:48:15
Obstacles: 00000

Pose: [0.149, -0.020, -65.640] 2023-01-17 21:48:15
Obstacles: 00000

Pose: [0.151, -0.021, -43.380] 2023-01-17 21:48:15
Obstacles: 00000

Pose: [0.166, -0.026, -27.160] 2023-01-17 21:48:15
Obstacles: 00000

Pose: [0.186, -0.029, -9.940] 2023-01-17 21:48:16
Obstacles: 00000
robot_mode: 0, moving_mode: GO_STRAIGHT 1

Pose: [0.208, -0.030, 6.240] 2023-01-17 21:48:16
Obstacles: 00000

Pose: [0.246, -0.027, 9.720] 2023-01-17 21:48:16
Obstacles: 00000

Pose: [0.287, -0.023, 10.320] 2023-01-17 21:48:16
Obstacles: 00000

Pose: [0.328, -0.019, 10.900] 2023-01-17 21:48:16
Obstacles: 00000
m0, hit_x: 0.340 hit_y: -0.018 distance_to_goal_from_hit_point: 1.860
robot_mode: 1 WALL_FOLLOWING_MODE, moving_mode: 1

Pose: [0.365, -0.016, 11.680] 2023-01-17 21:48:17
Obstacles: 01100

Pose: [0.384, -0.013, 20.260] 2023-01-17 21:48:17
Obstacles: 01110

Pose: [0.388, -0.012, 40.120] 2023-01-17 21:48:17
Obstacles: 01110

Pose: [0.391, -0.011, 61.140] 2023-01-17 21:48:17
Obstacles: 00110

Pose: [0.393, -0.009, 83.140] 2023-01-17 21:48:17
Obstacles: 00110

Pose: [0.395, -0.007, 104.380] 2023-01-17 21:48:18
Obstacles: 00110

Pose: [0.397, -0.005, 125.980] 2023-01-17 21:48:18
Obstacles: 00010

Pose: [0.400, 0.004, 149.140] 2023-01-17 21:48:18
Obstacles: 00011

Pose: [0.404, 0.026, 171.140] 2023-01-17 21:48:18
Obstacles: 00011

Pose: [0.404, 0.048, 194.900] 2023-01-17 21:48:18
Obstacles: 00001

Pose: [0.397, 0.077, 214.920] 2023-01-17 21:48:19
Obstacles: 00001

Pose: [0.384, 0.116, 219.920] 2023-01-17 21:48:19
Obstacles: 00001

Pose: [0.369, 0.155, 221.240] 2023-01-17 21:48:19
Obstacles: 00001

Pose: [0.354, 0.194, 222.020] 2023-01-17 21:48:19
Obstacles: 00000

Pose: [0.340, 0.233, 214.360] 2023-01-17 21:48:19
Obstacles: 00000

Pose: [0.331, 0.274, 195.200] 2023-01-17 21:48:20
Obstacles: 00000

Pose: [0.328, 0.315, 176.360] 2023-01-17 21:48:20
Obstacles: 00000

Pose: [0.333, 0.357, 157.040] 2023-01-17 21:48:20
Obstacles: 00000

Pose: [0.344, 0.398, 137.220] 2023-01-17 21:48:20
Obstacles: 00000

Pose: [0.363, 0.436, 117.200] 2023-01-17 21:48:20
Obstacles: 00000

Pose: [0.388, 0.470, 96.160] 2023-01-17 21:48:21
Obstacles: 00000

Pose: [0.419, 0.500, 76.020] 2023-01-17 21:48:21
Obstacles: 00000

Pose: [0.455, 0.523, 54.280] 2023-01-17 21:48:21
Obstacles: 00000

Pose: [0.495, 0.540, 33.260] 2023-01-17 21:48:21
Obstacles: 00000

Pose: [0.538, 0.549, 11.240] 2023-01-17 21:48:21
Obstacles: 00000

Pose: [0.581, 0.549, -9.620] 2023-01-17 21:48:22
Obstacles: 00000

Pose: [0.624, 0.542, -32.460] 2023-01-17 21:48:22
Obstacles: 00000

Pose: [0.665, 0.526, -54.240] 2023-01-17 21:48:22
Obstacles: 00000

Pose: [0.699, 0.505, -76.040] 2023-01-17 21:48:22
Obstacles: 00010

Pose: [0.718, 0.489, -86.260] 2023-01-17 21:48:22
Obstacles: 00010

Pose: [0.736, 0.472, -86.580] 2023-01-17 21:48:23
Obstacles: 00010

Pose: [0.753, 0.457, -76.340] 2023-01-17 21:48:23
Obstacles: 00011

Pose: [0.775, 0.443, -55.220] 2023-01-17 21:48:23
Obstacles: 00001

Pose: [0.811, 0.426, -45.420] 2023-01-17 21:48:23
Obstacles: 00001

Pose: [0.849, 0.410, -44.460] 2023-01-17 21:48:23
Obstacles: 00001

Pose: [0.882, 0.397, -41.980] 2023-01-17 21:48:24
Obstacles: 00011

Pose: [0.902, 0.390, -28.040] 2023-01-17 21:48:24
Obstacles: 00011

Pose: [0.925, 0.386, -5.840] 2023-01-17 21:48:24
Obstacles: 00001

Pose: [0.968, 0.386, 3.900] 2023-01-17 21:48:24
Obstacles: 00001

Pose: [1.010, 0.388, 5.040] 2023-01-17 21:48:24
Obstacles: 00001

Pose: [1.053, 0.390, 6.380] 2023-01-17 21:48:25
Obstacles: 00001

Pose: [1.095, 0.393, 7.560] 2023-01-17 21:48:25
Obstacles: 00001

Pose: [1.138, 0.396, 9.000] 2023-01-17 21:48:25
Obstacles: 00000

Pose: [1.180, 0.399, 6.580] 2023-01-17 21:48:25
Obstacles: 00000

Pose: [1.223, 0.399, -9.800] 2023-01-17 21:48:25
Obstacles: 00000

Pose: [1.265, 0.392, -28.500] 2023-01-17 21:48:26
Obstacles: 00000

Pose: [1.305, 0.378, -48.280] 2023-01-17 21:48:26
Obstacles: 00000

Pose: [1.343, 0.358, -67.200] 2023-01-17 21:48:26
Obstacles: 00000

Pose: [1.376, 0.332, -87.820] 2023-01-17 21:48:26
Obstacles: 00000

Pose: [1.405, 0.299, -107.760] 2023-01-17 21:48:26
Obstacles: 00000

Pose: [1.428, 0.262, -128.560] 2023-01-17 21:48:27
Obstacles: 00000

Pose: [1.444, 0.222, -148.980] 2023-01-17 21:48:27
Obstacles: 00000

Pose: [1.452, 0.179, -169.740] 2023-01-17 21:48:27
Obstacles: 00000

Pose: [1.452, 0.135, -191.480] 2023-01-17 21:48:27
Obstacles: 00000
HIT the GOAL LINE! robot_mode: 0, moving_mode: 0

Pose: [1.444, 0.092, -212.260] 2023-01-17 21:48:28
Obstacles: 00010

Pose: [1.432, 0.060, -230.720] 2023-01-17 21:48:28
Obstacles: 00010

Pose: [1.426, 0.048, -235.680] 2023-01-17 21:48:28
Obstacles: 00010

Pose: [1.425, 0.045, -231.900] 2023-01-17 21:48:28
Obstacles: 00011

Pose: [1.423, 0.042, -215.080] 2023-01-17 21:48:28
Obstacles: 00011

Pose: [1.422, 0.038, -193.040] 2023-01-17 21:48:29
Obstacles: 00001

Pose: [1.422, 0.035, -171.260] 2023-01-17 21:48:29
Obstacles: 00001

Pose: [1.423, 0.031, -148.740] 2023-01-17 21:48:29
Obstacles: 00001

Pose: [1.424, 0.028, -126.760] 2023-01-17 21:48:29
Obstacles: 00001

Pose: [1.425, 0.026, -103.720] 2023-01-17 21:48:29
Obstacles: 00000

Pose: [1.428, 0.023, -81.480] 2023-01-17 21:48:30
Obstacles: 00000

Pose: [1.430, 0.022, -59.100] 2023-01-17 21:48:30
Obstacles: 00000

Pose: [1.439, 0.018, -38.040] 2023-01-17 21:48:30
Obstacles: 00000

Pose: [1.460, 0.012, -20.140] 2023-01-17 21:48:30
Obstacles: 00000
robot_mode: 0, moving_mode: GO_STRAIGHT 1

Pose: [1.481, 0.010, -0.400] 2023-01-17 21:48:30
Obstacles: 00000

Pose: [1.514, 0.012, 9.020] 2023-01-17 21:48:31
Obstacles: 00000

Pose: [1.556, 0.016, 10.540] 2023-01-17 21:48:31
Obstacles: 00000

Pose: [1.598, 0.020, 12.100] 2023-01-17 21:48:31
Obstacles: 00000

Pose: [1.641, 0.024, 13.560] 2023-01-17 21:48:31
Obstacles: 00000

Pose: [1.683, 0.030, 15.180] 2023-01-17 21:48:31
Obstacles: 00000

Pose: [1.726, 0.036, 16.680] 2023-01-17 21:48:32
Obstacles: 00000

Pose: [1.768, 0.042, 18.120] 2023-01-17 21:48:32
Obstacles: 00000
robot_mode: 0, moving_mode: 0

Pose: [1.811, 0.049, 19.420] 2023-01-17 21:48:32
Obstacles: 00000

Pose: [1.845, 0.055, 19.280] 2023-01-17 21:48:32
Obstacles: 00000

Pose: [1.867, 0.058, 8.180] 2023-01-17 21:48:32
Obstacles: 00000

Pose: [1.890, 0.059, -5.800] 2023-01-17 21:48:33
Obstacles: 00000
robot_mode: 0, moving_mode: GO_STRAIGHT 1

Pose: [1.911, 0.056, -19.180] 2023-01-17 21:48:33
Obstacles: 00000

Pose: [1.941, 0.049, -28.920] 2023-01-17 21:48:33
Obstacles: 00000

Pose: [1.980, 0.039, -29.220] 2023-01-17 21:48:33
Obstacles: 00000
robot_mode: 0, moving_mode: 2
DONE!

Pose: [2.018, 0.029, -29.840] 2023-01-17 21:48:33
Obstacles: 00000

Pose: [2.041, 0.023, -30.420] 2023-01-17 21:48:34
Obstacles: 00000

Pose: [2.045, 0.022, -30.600] 2023-01-17 21:48:34
Obstacles: 00000

Pose: [2.045, 0.022, -30.660] 2023-01-17 21:48:34
Obstacles: 00000

Pose: [2.045, 0.022, -30.660] 2023-01-17 21:48:34
Obstacles: 00000

Pose: [2.045, 0.022, -30.660] 2023-01-17 21:48:34
Obstacles: 00000
B0 pressed!!!
robot_mode: 0, moving_mode: 0

Pose: [2.045, 0.022, -30.620] 2023-01-17 21:48:35
Obstacles: 00000

Pose: [2.046, 0.022, -34.840] 2023-01-17 21:48:35
Obstacles: 00000

Pose: [2.046, 0.022, -52.140] 2023-01-17 21:48:35
Obstacles: 00000

Pose: [2.046, 0.022, -71.160] 2023-01-17 21:48:35
Obstacles: 00000

Pose: [2.047, 0.021, -89.700] 2023-01-17 21:48:35
Obstacles: 00000

Pose: [2.047, 0.021, -109.540] 2023-01-17 21:48:36
Obstacles: 00000

Pose: [2.047, 0.021, -128.540] 2023-01-17 21:48:36
Obstacles: 00000

Pose: [2.047, 0.021, -148.820] 2023-01-17 21:48:36
Obstacles: 00000

Pose: [2.047, 0.021, -168.400] 2023-01-17 21:48:36
Obstacles: 00000

Pose: [2.047, 0.020, -189.300] 2023-01-17 21:48:36
Obstacles: 00000

Pose: [2.047, 0.020, -209.340] 2023-01-17 21:48:37
Obstacles: 00000

Pose: [2.047, 0.020, -229.920] 2023-01-17 21:48:37
Obstacles: 00000

Pose: [2.047, 0.020, -251.380] 2023-01-17 21:48:37
Obstacles: 00000

Pose: [2.047, 0.020, -272.260] 2023-01-17 21:48:37
Obstacles: 00000

Pose: [2.046, 0.019, -294.100] 2023-01-17 21:48:37
Obstacles: 00000

Pose: [2.044, 0.018, -315.100] 2023-01-17 21:48:38
Obstacles: 00000

Pose: [2.029, 0.013, -333.180] 2023-01-17 21:48:38
Obstacles: 00000
robot_mode: 0, moving_mode: GO_STRAIGHT 1

Pose: [2.009, 0.010, -349.920] 2023-01-17 21:48:38
Obstacles: 00000

Pose: [1.986, 0.010, 353.780] 2023-01-17 21:48:38
Obstacles: 00000

Pose: [1.947, 0.013, 349.960] 2023-01-17 21:48:38
Obstacles: 00000

Pose: [1.907, 0.016, 349.300] 2023-01-17 21:48:39
Obstacles: 00000

Pose: [1.866, 0.020, 348.660] 2023-01-17 21:48:39
Obstacles: 00000

Pose: [1.825, 0.025, 347.840] 2023-01-17 21:48:39
Obstacles: 00000

Pose: [1.783, 0.029, 346.980] 2023-01-17 21:48:39
Obstacles: 00000

Pose: [1.741, 0.034, 346.220] 2023-01-17 21:48:39
Obstacles: 00000

Pose: [1.699, 0.039, 345.520] 2023-01-17 21:48:40
Obstacles: 00000

Pose: [1.657, 0.045, 344.760] 2023-01-17 21:48:40
Obstacles: 00000

Pose: [1.615, 0.050, 344.080] 2023-01-17 21:48:40
Obstacles: 00000

Pose: [1.573, 0.057, 343.380] 2023-01-17 21:48:40
Obstacles: 00000

Pose: [1.530, 0.063, 342.580] 2023-01-17 21:48:40
Obstacles: 00000

Pose: [1.487, 0.070, 341.860] 2023-01-17 21:48:41
Obstacles: 00000
m0, hit_x: 1.483 hit_y: 0.070 distance_to_goal_from_hit_point: 1.485
robot_mode: 1 WALL_FOLLOWING_MODE, moving_mode: 1

Pose: [1.452, 0.075, 341.660] 2023-01-17 21:48:41
Obstacles: 01000

Pose: [1.436, 0.078, 349.720] 2023-01-17 21:48:41
Obstacles: 01100

Pose: [1.434, 0.078, -350.340] 2023-01-17 21:48:41
Obstacles: 01100

Pose: [1.432, 0.077, -330.960] 2023-01-17 21:48:41
Obstacles: 01110

Pose: [1.430, 0.077, -311.020] 2023-01-17 21:48:42
Obstacles: 00110

Pose: [1.428, 0.076, -289.660] 2023-01-17 21:48:42
Obstacles: 00110

Pose: [1.426, 0.074, -269.320] 2023-01-17 21:48:42
Obstacles: 00110

Pose: [1.425, 0.073, -247.440] 2023-01-17 21:48:42
Obstacles: 00010

Pose: [1.419, 0.061, -226.140] 2023-01-17 21:48:42
Obstacles: 00010

Pose: [1.412, 0.040, -204.180] 2023-01-17 21:48:43
Obstacles: 00001

Pose: [1.408, 0.010, -186.200] 2023-01-17 21:48:43
Obstacles: 00001

Pose: [1.407, -0.031, -182.540] 2023-01-17 21:48:43
Obstacles: 00001

Pose: [1.406, -0.072, -181.500] 2023-01-17 21:48:43
Obstacles: 00001

Pose: [1.406, -0.114, -180.420] 2023-01-17 21:48:43
Obstacles: 00001

Pose: [1.406, -0.155, -179.900] 2023-01-17 21:48:44
Obstacles: 00000

Pose: [1.405, -0.197, -188.440] 2023-01-17 21:48:44
Obstacles: 00000

Pose: [1.399, -0.238, -208.740] 2023-01-17 21:48:44
Obstacles: 00000

Pose: [1.385, -0.277, -227.840] 2023-01-17 21:48:44
Obstacles: 00000

Pose: [1.365, -0.314, -248.480] 2023-01-17 21:48:44
Obstacles: 00000

Pose: [1.339, -0.347, -268.780] 2023-01-17 21:48:45
Obstacles: 00000

Pose: [1.307, -0.374, -290.000] 2023-01-17 21:48:45
Obstacles: 00000

Pose: [1.271, -0.396, -310.560] 2023-01-17 21:48:45
Obstacles: 00000

Pose: [1.231, -0.410, -332.520] 2023-01-17 21:48:45
Obstacles: 00000

Pose: [1.188, -0.417, -353.840] 2023-01-17 21:48:45
Obstacles: 00000

Pose: [1.146, -0.416, 344.260] 2023-01-17 21:48:46
Obstacles: 00000

Pose: [1.104, -0.406, 322.780] 2023-01-17 21:48:46
Obstacles: 00000

Pose: [1.064, -0.389, 299.600] 2023-01-17 21:48:46
Obstacles: 00000

Pose: [1.031, -0.365, 277.920] 2023-01-17 21:48:46
Obstacles: 00010

Pose: [1.012, -0.347, 264.720] 2023-01-17 21:48:46
Obstacles: 00010

Pose: [0.997, -0.330, 262.660] 2023-01-17 21:48:47
Obstacles: 00011

Pose: [0.981, -0.313, 269.640] 2023-01-17 21:48:47
Obstacles: 00011

Pose: [0.964, -0.298, 290.520] 2023-01-17 21:48:47
Obstacles: 00111

Pose: [0.952, -0.291, 310.960] 2023-01-17 21:48:47
Obstacles: 00111

Pose: [0.945, -0.289, 333.560] 2023-01-17 21:48:47
Obstacles: 00011

Pose: [0.924, -0.286, 355.060] 2023-01-17 21:48:48
Obstacles: 00011

Pose: [0.901, -0.287, -342.080] 2023-01-17 21:48:48
Obstacles: 00001

Pose: [0.874, -0.293, -321.760] 2023-01-17 21:48:48
Obstacles: 00001

Pose: [0.836, -0.308, -315.160] 2023-01-17 21:48:48
Obstacles: 00001

Pose: [0.797, -0.325, -314.040] 2023-01-17 21:48:48
Obstacles: 00001

Pose: [0.758, -0.341, -312.820] 2023-01-17 21:48:49
Obstacles: 00001

Pose: [0.720, -0.358, -311.760] 2023-01-17 21:48:49
Obstacles: 00000

Pose: [0.681, -0.375, -317.800] 2023-01-17 21:48:49
Obstacles: 00000

Pose: [0.641, -0.387, -336.600] 2023-01-17 21:48:49
Obstacles: 00000

Pose: [0.599, -0.393, -355.240] 2023-01-17 21:48:49
Obstacles: 00000

Pose: [0.557, -0.391, 345.040] 2023-01-17 21:48:50
Obstacles: 00000

Pose: [0.516, -0.382, 325.700] 2023-01-17 21:48:50
Obstacles: 00000

Pose: [0.476, -0.367, 305.120] 2023-01-17 21:48:50
Obstacles: 00000

Pose: [0.440, -0.344, 285.160] 2023-01-17 21:48:50
Obstacles: 00000

Pose: [0.408, -0.315, 264.400] 2023-01-17 21:48:50
Obstacles: 00000

Pose: [0.382, -0.281, 243.760] 2023-01-17 21:48:51
Obstacles: 00000

Pose: [0.362, -0.243, 223.000] 2023-01-17 21:48:51
Obstacles: 00000

Pose: [0.350, -0.201, 201.280] 2023-01-17 21:48:51
Obstacles: 00000

Pose: [0.345, -0.158, 179.940] 2023-01-17 21:48:51
Obstacles: 00000

Pose: [0.349, -0.114, 157.360] 2023-01-17 21:48:51
Obstacles: 00000
HIT the GOAL LINE! robot_mode: 0, moving_mode: 0

Pose: [0.361, -0.072, 135.900] 2023-01-17 21:48:52
Obstacles: 00000

Pose: [0.375, -0.044, 118.120] 2023-01-17 21:48:52
Obstacles: 00000

Pose: [0.381, -0.034, 113.660] 2023-01-17 21:48:52
Obstacles: 00010

Pose: [0.383, -0.031, 118.000] 2023-01-17 21:48:52
Obstacles: 00010

Pose: [0.385, -0.028, 135.300] 2023-01-17 21:48:52
Obstacles: 00010

Pose: [0.386, -0.025, 157.460] 2023-01-17 21:48:53
Obstacles: 00011

Pose: [0.386, -0.022, 178.540] 2023-01-17 21:48:53
Obstacles: 00001

Pose: [0.386, -0.019, 200.560] 2023-01-17 21:48:53
Obstacles: 00001

Pose: [0.385, -0.016, 221.960] 2023-01-17 21:48:53
Obstacles: 00001

Pose: [0.384, -0.014, 243.700] 2023-01-17 21:48:53
Obstacles: 00001

Pose: [0.382, -0.012, 266.940] 2023-01-17 21:48:54
Obstacles: 00001

Pose: [0.380, -0.010, 289.360] 2023-01-17 21:48:54
Obstacles: 00001

Pose: [0.377, -0.008, 312.980] 2023-01-17 21:48:54
Obstacles: 00000

Pose: [0.360, -0.002, 330.840] 2023-01-17 21:48:54
Obstacles: 00000

Pose: [0.340, 0.001, 350.340] 2023-01-17 21:48:54
Obstacles: 00000
robot_mode: 0, moving_mode: GO_STRAIGHT 1

Pose: [0.316, 0.001, -352.460] 2023-01-17 21:48:55
Obstacles: 00000

Pose: [0.278, -0.002, -348.100] 2023-01-17 21:48:55
Obstacles: 00000

Pose: [0.236, -0.007, -346.820] 2023-01-17 21:48:55
Obstacles: 00000
robot_mode: 0, moving_mode: 2
DONE!

Pose: [0.194, -0.012, -345.280] 2023-01-17 21:48:55
Obstacles: 00000

Pose: [0.163, -0.016, -343.940] 2023-01-17 21:48:55
Obstacles: 00000

Pose: [0.152, -0.018, -342.740] 2023-01-17 21:48:56
Obstacles: 00000

Pose: [0.152, -0.018, -342.160] 2023-01-17 21:48:56
Obstacles: 00000

Pose: [0.152, -0.018, -342.160] 2023-01-17 21:48:56
Obstacles: 00000

Pose: [0.152, -0.018, -342.160] 2023-01-17 21:48:56
Obstacles: 00000

Pose: [0.152, -0.018, -342.160] 2023-01-17 21:48:56
Obstacles: 00000

Pose: [0.152, -0.018, -342.160] 2023-01-17 21:48:57
Obstacles: 00000

Pose: [0.152, -0.018, -342.160] 2023-01-17 21:48:57
Obstacles: 00000

Pose: [0.152, -0.018, -342.160] 2023-01-17 21:48:57
Obstacles: 00000

Pose: [0.152, -0.018, -342.160] 2023-01-17 21:48:57
Obstacles: 00000

Pose: [0.152, -0.018, -342.160] 2023-01-17 21:48:57
Obstacles: 00000

Pose: [0.152, -0.018, -342.160] 2023-01-17 21:48:58
Obstacles: 00000
^C
Location : /home/pi/kobuki/src/ecl_core/ecl_time/src/lib/sleep_pos.cpp:84 
Flag     : This operation was interrupted.
Detail   : A posix signal interrupted the sleep.

Pose: [0.152, -0.018, -342.160] 2023-01-17 21:48:58
Obstacles: 00000
                                                                                                                                                                                                        
                                                                                                                                                                                                        
                                                                                                                                                                                                        
                                                                                                                                                                                                        
                                                                                                                                                                                                        
                                                                                                                                                                                                        
                                                                                                                                                                                                        
                                                                                                                                                                                                        
                                                                                                                                                                                                        
                                                                                                                                                                                                        
                                                                                                                                                                                                        
                                                                                                                                                                                                        
                                                                                                                                                                                                        
                                                                                                                                                                                                        
                                                                                                                                                                                                        
                                                                                                                                                                                                        
                                                                                                                                                                                                        
                                                                                                                                                                                                        
                                                                                                                                                                                                        
                                                                                                                                                                                                        
                                                                                                                                                                                                        
                                                                                                                                                                                                        
                                                                                                                                                                                                        
                                                                                                                                                                                                        
                                                                                                                                                                                                        
                                                                                                                                                                                                        
                                                                                                                                                                                                        
                                                                                                                                                                                                        
                                                                                                                                                                                                        
                                                                                                                                                                                                        
                                                                                                                                                                                                        
                                                                                                                                                                                                        
                                                                                                                                                                                                        
                                                                                                                                                                                                        
                                                                                                                                                                                                        
                                                                                                                                                                                                        
                                                                                                                                                                                                        
                                                                                                                                                                                                        
                                                                                                                                                                                                        
                                                                                                                                                                                                        
                                                                                                                                                                                                        
                                                                                                                                                                                                        
                                                                                                                                                                                                        
                                                                                                                                                                                                        
                                                                                                                                                                                                        
                                                                                                                                                                                                        
                                                                                                                                                                                                        
                                                                                                                                                                                                        
                                                                                                                                                                                                        
                                                                                                                                                                                                        
                                                                                                                                                                                                        
                                                                                                                                                                                                        
                                                                                                                                                                                                        
                                                                                                                                                                                                        
                                                                                                                                                                                                        
                                                                                                                                                                                                        
                                                                                                                                                                                                        
                                                                                                                                                                                                        
                                                                                                                                                                                                        
                                                                                                                                                                                                        
                                                                                                                                                                                                        
                                                                                                                                                                                                        
                                                                                                                                                                                                        
                                                                                                                                                                                                        
                                                                                                                                                                                                        
                                                                                                                                                                                                        
                                                                                                                                                                                                        
                                                                                                                                                                                                        
                                                                                                                                                                                                        
                                                                                                                                                                                                        
                                                                                                                                                                                                        
                                                                                                                                                                                                        
                                                                                                                                                                                                        
                                                                                                                                                                                                        
                                                                                                                                                                                                        
                                                                                                                                                                                                        
                                                                                                                                                                                                        
                                                                                                                                                                                                        
                                                                                                                                                                                                        
                                                                                                                                                                                                        
                                                                                                                                                                                                        
                                                                                                                                                                                                        
                                                                                                                                                                                                        
                                                                                                                                                                                                        
                                                                                                                                                                                                        
                                                                                                          000000000                                                                                     
                                                                                                         00000000000000000                                                                              
                                                                                                       00000000000000000000                                                                             
                                                                                                      00000000000000000000000000                                                                        
                                                                                                     00000000000000000000000000000                                                                      
                                                                                                    0000000000000000000000000000000                                                                     
                                                                                                    00000000000000000000000000000000                                                                    
                                                                                                    000000000000000000000000000000000                                                                   
                                                                                                   00000000000000111000000000000000000                                                                  
                                                                                                   000000000000011111000000000000000000                                                                 
                                                                                                   000000000000111111101110000000000000000000000                                                        
                                                                                                   0000000000011111111111111000000000000000000000                                                       
                                                                                                  000000000000111111111111111000000000000000000000                                                      
                                                                                                 00000000000001111111111111111000000000000000000000                                                     
                                                                                                000000000000000111111111111111100000000000000000000                                                     
                                                                                                000000000000000111111111111111100000000000000000000                                                     
                                                                                                00000000000000011111111111111110000000000000000000                                                      
                                                                                                 000000000000000111111111111110000000000000000000                                                       
                                                                                                  0000000000000001111111111110000000000000000000                                                        
                                                                                                   00000000000000011100111110000000000000000000                                                         
                                                                                                      0000000000000000000000000000000                                                                   
                                                                                                       000000000000000000000000000000                                                                   
                                                                                                        00000000000000000000000000000                                                                   
                                                                                                        0000000000000000000000000000                                                                    
                                                                                                         000000000000000000000000000                                                                    
                                                                                                          0000000000000000000000000                                                                     
                                                                                                           0000000000  00000000000                                                                      
                                                                                                             0000000    000000000                                                                       
                                                                                                                          0000                                                                          
                                                                                                                                                                                                        
                                                                                                                                                                                                        
                                                                                                                                                                                                        
                                                                                                                                                                                                        
                                                                                                                                                                                                        
                                                                                                                                                                                                        
                                                                                                                                                                                                        
                                                                                                                                                                                                        
                                                                                                                                                                                                        
                                                                                                                                                                                                        
                                                                                                                                                                                                        
                                                                                                                                                                                                        
                                                                                                                                                                                                        
                                                                                                                                                                                                        
                                                                                                                                                                                                        
                                                                                                                                                                                                        
                                                                                                                                                                                                        
                                                                                                                                                                                                        
                                                                                                                                                                                                        
                                                                                                                                                                                                        
                                                                                                                                                                                                        
                                                                                                                                                                                                        
                                                                                                                                                                                                        
                                                                                                                                                                                                        
                                                                                                                                                                                                        
                                                                                                                                                                                                        
                                                                                                                                                                                                        
                                                                                                                                                                                                        
                                                                                                                                                                                                        
                                                                                                                                                                                                        
                                                                                                                                                                                                        
                                                                                                                                                                                                        
                                                                                                                                                                                                        
                                                                                                                                                                                                        
                                                                                                                                                                                                        
                                                                                                                                                                                                        
                                                                                                                                                                                                        
                                                                                                                                                                                                        
                                                                                                                                                                                                        
                                                                                                                                                                                                        
                                                                                                                                                                                                        
                                                                                                                                                                                                        
                                                                                                                                                                                                        
                                                                                                                                                                                                        
                                                                                                                                                                                                        
                                                                                                                                                                                                        
                                                                                                                                                                                                        
                                                                                                                                                                                                        
                                                                                                                                                                                                        
                                                                                                                                                                                                        
                                                                                                                                                                                                        
                                                                                                                                                                                                        
                                                                                                                                                                                                        
                                                                                                                                                                                                        
                                                                                                                                                                                                        
                                                                                                                                                                                                        
                                                                                                                                                                                                        
                                                                                                                                                                                                        
                                                                                                                                                                                                        
                                                                                                                                                                                                        
                                                                                                                                                                                                        
                                                                                                                                                                                                        
                                                                                                                                                                                                        
                                                                                                                                                                                                        
                                                                                                                                                                                                        
                                                                                                                                                                                                        
                                                                                                                                                                                                        
                                                                                                                                                                                                        
                                                                                                                                                                                                        
                                                                                                                                                                                                        
                                                                                                                                                                                                        
                                                                                                                                                                                                        
                                                                                                                                                                                                        
                                                                                                                                                                                                        
                                                                                                                                                                                                        
                                                                                                                                                                                                        
                                                                                                                                                                                                        
                                                                                                                                                                                                        
                                                                                                                                                                                                        
                                                                                                                                                                                                        
                                                                                                                                                                                                        
                                                                                                                                                                                                        
                                                                                                                                                                                                        
                                                                                                                                                                                                        
                                                                                                                                                                                                        
                                                                                                                                                                                                        
pi@raspberrypi:~/kobuki $ 